-------------------------------------------------------------------------------
Test set: fr.univavignon.pokedex.api.PokedexFactoryImplementationTest
-------------------------------------------------------------------------------
Tests run: 3, Failures: 2, Errors: 0, Skipped: 0, Time elapsed: 0.028 s <<< FAILURE! - in fr.univavignon.pokedex.api.PokedexFactoryImplementationTest
testPokedexUsesPokemonFactory(fr.univavignon.pokedex.api.PokedexFactoryImplementationTest)  Time elapsed: 0.022 s  <<< FAILURE!
java.lang.AssertionError: expected:<126> but was:<100>
	at fr.univavignon.pokedex.api.PokedexFactoryImplementationTest.testPokedexUsesPokemonFactory(PokedexFactoryImplementationTest.java:72)

testPokedexUsesMetadataProvider(fr.univavignon.pokedex.api.PokedexFactoryImplementationTest)  Time elapsed: 0.003 s  <<< FAILURE!
java.lang.AssertionError: expected:<126> but was:<100>
	at fr.univavignon.pokedex.api.PokedexFactoryImplementationTest.testPokedexUsesMetadataProvider(PokedexFactoryImplementationTest.java:50)

