-------------------------------------------------------------------------------
Test set: fr.univavignon.pokedex.api.PokemonMetadataProviderImplementationTest
-------------------------------------------------------------------------------
Tests run: 3, Failures: 1, Errors: 0, Skipped: 0, Time elapsed: 0.002 s <<< FAILURE! - in fr.univavignon.pokedex.api.PokemonMetadataProviderImplementationTest
testGetPokemonMetadataWithInvalidIndex(fr.univavignon.pokedex.api.PokemonMetadataProviderImplementationTest)  Time elapsed: 0.001 s  <<< FAILURE!
java.lang.AssertionError
	at fr.univavignon.pokedex.api.PokemonMetadataProviderImplementationTest.testGetPokemonMetadataWithInvalidIndex(PokemonMetadataProviderImplementationTest.java:36)

