<?xml version="1.0" encoding="UTF-8"?>
<testsuite xmlns:xsi="http://www.w3.org/2001/XMLSchema-instance" xsi:noNamespaceSchemaLocation="https://maven.apache.org/surefire/maven-surefire-plugin/xsd/surefire-test-report.xsd" name="fr.univavignon.pokedex.api.PokemonFactoryImplementationTest" time="0.062" tests="3" errors="0" skipped="0" failures="0">
  <properties>
[...]
</properties>
  <testcase name="testCreatePokemonWithInvalidIndex" classname="fr.univavignon.pokedex.api.PokemonFactoryImplementationTest" time="0.029"/>
  <testcase name="testCreatePokemon" classname="fr.univavignon.pokedex.api.PokemonFactoryImplementationTest" time="0.004"/>
  <testcase name="testCreatePokemonWithInvalidCp" classname="fr.univavignon.pokedex.api.PokemonFactoryImplementationTest" time="0.007"/>
</testsuite>